<?xml version="1.0" encoding="UTF-8"?>
<!-- Generated by org.testng.reporters.JUnitXMLReporter -->
<testsuite ignored="0" hostname="LAKSHMIPRIYA" failures="1" tests="2" name="demoTest" time="1.794" errors="0" timestamp="2026-03-12T13:13:49 IST">
  <testcase classname="practice.demohardassert" name="testMethod" time="1.741"/>
  <testcase classname="practice.demosoftassert" name="demoTest" time="0.01">
    <failure type="java.lang.AssertionError" message="The following asserts failed:
	expected [PEC] but found [PECC]">
      <![CDATA[java.lang.AssertionError: The following asserts failed:
expected [PEC] but found [PECC]
at practice.demosoftassert.demoTest(demosoftassert.java:20)
at java.base/java.util.ArrayList.forEach(ArrayList.java:1596)
... Removed 27 stack frames]]>
    </failure>
  </testcase> <!-- demoTest -->
</testsuite> <!-- demoTest -->
