<?xml version="1.0" encoding="UTF-8"?>
<!-- Generated by org.testng.reporters.JUnitXMLReporter -->
<testsuite ignored="0" hostname="LAKSHMIPRIYA" failures="0" tests="1" name="Test4" time="0.043" errors="0" timestamp="2026-03-13T10:13:32 IST">
  <testcase classname="practice.crossBrowserBaseClass" name="@BeforeClass beforeClass" time="-1.773377012002E9">
    <failure type="org.testng.TestNGException" message="
Parameter &amp;apos;browser&amp;apos; is required by BeforeClass on method beforeClass but has not been marked @Optional or defined
in P:\selenium\testNG\testng4.xml">
      <![CDATA[org.testng.TestNGException: 
Parameter 'browser' is required by BeforeClass on method beforeClass but has not been marked @Optional or defined
in P:\selenium\testNG\testng4.xml
at java.base/java.util.ArrayList.forEach(ArrayList.java:1596)
... Removed 22 stack frames]]>
    </failure>
  </testcase> <!-- @BeforeClass beforeClass -->
  <testcase classname="practice.crossBrowserBaseClass" name="@BeforeMethod beforeMethod" time="0.0">
    <skipped/>
  </testcase> <!-- @BeforeMethod beforeMethod -->
  <testcase classname="practice.crossBrowserBaseClass" name="@AfterMethod afterMethod" time="0.0">
    <skipped/>
  </testcase> <!-- @AfterMethod afterMethod -->
  <testcase classname="practice.crossBrowserBaseClass" name="@AfterClass afterClass" time="0.0">
    <skipped/>
  </testcase> <!-- @AfterClass afterClass -->
  <testcase classname="practice.crossBrowserBaseClass" name="@AfterTest afterTest" time="0.0">
    <skipped/>
  </testcase> <!-- @AfterTest afterTest -->
  <testcase classname="practice.crossBrowserBaseClass" name="logIn" time="0.0">
    <skipped/>
  </testcase> <!-- logIn -->
</testsuite> <!-- Test4 -->
