<?xml version="1.0" encoding="UTF-8"?>
<testng-results ignored="0" total="1" passed="1" failed="0" skipped="0">
  <reporter-output>
  </reporter-output>
  <suite started-at="2026-03-20T10:18:41 IST" name="Default suite" finished-at="2026-03-20T10:18:47 IST" duration-ms="6498">
    <groups>
    </groups>
    <test started-at="2026-03-20T10:18:41 IST" name="Default test" finished-at="2026-03-20T10:18:47 IST" duration-ms="6498">
      <class name="demo.LoginusingxmlOR">
        <test-method signature="login()[pri:0, instance:demo.LoginusingxmlOR@5fe94a96]" started-at="2026-03-20T10:18:41 IST" name="login" finished-at="2026-03-20T10:18:47 IST" duration-ms="6457" status="PASS">
          <reporter-output>
          </reporter-output>
        </test-method> <!-- login -->
      </class> <!-- demo.LoginusingxmlOR -->
    </test> <!-- Default test -->
  </suite> <!-- Default suite -->
</testng-results>
