<?xml version="1.0" encoding="UTF-8"?>
<!-- Generated by org.testng.reporters.JUnitReportReporter -->
<testsuite hostname="LAKSHMIPRIYA" failures="0" tests="3" name="practice.addtocart$addToCart" time="2.232" errors="0" timestamp="2026-03-11T13:14:21 IST" skipped="0">
  <testcase classname="practice.addtocart$addToCart" name="launchingBrowser" time="1.232"/>
  <testcase classname="practice.addtocart$addToCart" name="login" time="0.668"/>
  <testcase classname="practice.addtocart$addToCart" name="addtocart" time="0.332"/>
</testsuite> <!-- practice.addtocart$addToCart -->
