<?xml version="1.0" encoding="UTF-8"?>
<!-- Generated by org.testng.reporters.JUnitReportReporter -->
<testsuite hostname="LAKSHMIPRIYA" failures="0" tests="3" name="demo.readingdatafromdataprovider" time="0.009" errors="0" timestamp="2026-03-18T10:50:12 IST" skipped="0">
  <testcase classname="demo.readingdatafromdataprovider" name="readingfromdataprovider" time="0.007"/>
  <testcase classname="demo.readingdatafromdataprovider" name="readingfromdataprovider" time="0.001"/>
  <testcase classname="demo.readingdatafromdataprovider" name="readingfromdataprovider" time="0.001"/>
</testsuite> <!-- demo.readingdatafromdataprovider -->
