<?xml version="1.0" encoding="UTF-8"?>
<!-- Generated by org.testng.reporters.JUnitReportReporter -->
<testsuite hostname="LAKSHMIPRIYA" failures="0" tests="2" name="practice.addtocart" time="0.273" errors="0" timestamp="2026-03-12T07:42:54 IST" skipped="0">
  <testcase classname="practice.addtocart" name="login" time="0.044">
    <system-out>
      <![CDATA[Login successfull]]>
    </system-out>
  </testcase> <!-- login -->
  <testcase classname="practice.addtocart" name="addtocart" time="0.229">
    <system-out>
      <![CDATA[verified]]>
    </system-out>
  </testcase> <!-- addtocart -->
  <system-out>
    <![CDATA[---Exceuting before Suite---
---Exceuting before Test---
---Exceuting before Class---
---Exceuting before Method---
Login successfull
---Exceuting after Method---
---Exceuting before Method---
verified
---Exceuting after Method---
---Exceuting after Class---
---Exceuting after Test---
---Exceuting after Suite---]]>
  </system-out>
</testsuite> <!-- practice.addtocart -->
