<?xml version="1.0" encoding="UTF-8"?>
<!-- Generated by org.testng.reporters.JUnitReportReporter -->
<testsuite hostname="LAKSHMIPRIYA" failures="0" tests="3" name="practice.crossBrowserBaseClass" time="3.268" errors="0" timestamp="2026-03-13T11:27:42 IST" skipped="0">
  <testcase classname="practice.crossBrowserBaseClass" name="logIn" time="1.123">
    <system-out>
      <![CDATA[Swag Labs Page : Pass]]>
    </system-out>
  </testcase> <!-- logIn -->
  <testcase classname="practice.crossBrowserBaseClass" name="logIn" time="0.966">
    <system-out>
      <![CDATA[Swag Labs Page : Pass]]>
    </system-out>
  </testcase> <!-- logIn -->
  <testcase classname="practice.crossBrowserBaseClass" name="logIn" time="1.179">
    <system-out>
      <![CDATA[Swag Labs Page : Pass]]>
    </system-out>
  </testcase> <!-- logIn -->
  <system-out>
    <![CDATA[---Exceuting before Suite---
---Exceuting before Test---
---Exceuting before Test---
---Exceuting before Test---
-----Exceuting Before Class-----
-----Exceuting Before Class-----
-----Exceuting Before Class-----
---Exceuting before Method---
---Exceuting before Method---
Swag Labs Page : Pass
---Exceuting after Method---
---Exceuting after Class---
---Exceuting after Test---
Swag Labs Page : Pass
---Exceuting after Method---
---Exceuting after Class---
---Exceuting after Test---
---Exceuting before Method---
Swag Labs Page : Pass
---Exceuting after Method---
---Exceuting after Class---
---Exceuting after Test---
---Exceuting after Suite---]]>
  </system-out>
</testsuite> <!-- practice.crossBrowserBaseClass -->
