<?xml version="1.0" encoding="UTF-8"?>
<!-- Generated by org.testng.reporters.JUnitReportReporter -->
<testsuite hostname="LAKSHMIPRIYA" failures="0" tests="3" name="practice.demotest" time="0.010" errors="0" timestamp="2026-03-12T08:56:27 IST" skipped="0">
  <testcase classname="practice.demotest" name="logIn" time="0.008"/>
  <testcase classname="practice.demotest" name="addEmployee" time="0.001"/>
  <testcase classname="practice.demotest" name="logOut" time="0.001"/>
</testsuite> <!-- practice.demotest -->
